<?xml version="1.0" encoding="UTF-8"?>
<!-- Generated by org.testng.reporters.JUnitReportReporter -->
<testsuite name="webdriverJenkins.Test1" tests="1" time="8.093" ignored="0" failures="0" timestamp="14 Feb 2020 08:41:53 GMT" skipped="0" hostname="DESKTOP-84B086G" errors="0">
  <testcase name="beforeTest" time="8.093" classname="webdriverJenkins.Test1"/>
</testsuite> <!-- webdriverJenkins.Test1 -->
