<?xml version="1.0" encoding="UTF-8"?>
<!-- Generated by org.testng.reporters.JUnitReportReporter -->
<testsuite skipped="0" hostname="DESKTOP-84B086G" name="webdriver1.Test1" tests="1" failures="0" timestamp="14 Feb 2020 08:58:38 GMT" time="14.641" errors="0">
  <testcase name="login" time="14.641" classname="webdriver1.Test1"/>
</testsuite> <!-- webdriver1.Test1 -->
